2020-04-20 18:03:33 DEBUG AnnotationConfigApplicationContext:594 - Refreshing org.springframework.context.annotation.AnnotationConfigApplicationContext@504bae78
2020-04-20 18:03:33 DEBUG DefaultListableBeanFactory:213 - Creating shared instance of singleton bean 'org.springframework.context.annotation.internalConfigurationAnnotationProcessor'
2020-04-20 18:03:33 DEBUG ClassPathBeanDefinitionScanner:437 - Identified candidate component class: file [C:\sts workspaces\jpa_maven\SpringLab4\target\classes\com\capg\service\EmployeeServiceImpl.class]
2020-04-20 18:03:33 DEBUG DefaultListableBeanFactory:213 - Creating shared instance of singleton bean 'org.springframework.context.event.internalEventListenerProcessor'
2020-04-20 18:03:33 DEBUG DefaultListableBeanFactory:213 - Creating shared instance of singleton bean 'org.springframework.context.event.internalEventListenerFactory'
2020-04-20 18:03:33 DEBUG DefaultListableBeanFactory:213 - Creating shared instance of singleton bean 'org.springframework.context.annotation.internalAutowiredAnnotationProcessor'
2020-04-20 18:03:33 DEBUG DefaultListableBeanFactory:213 - Creating shared instance of singleton bean 'org.springframework.context.annotation.internalCommonAnnotationProcessor'
2020-04-20 18:03:33 DEBUG DefaultListableBeanFactory:213 - Creating shared instance of singleton bean 'myConfig'
2020-04-20 18:03:33 DEBUG DefaultListableBeanFactory:213 - Creating shared instance of singleton bean 'employeeServiceImpl'
2020-04-20 18:03:33 WARN  AnnotationConfigApplicationContext:557 - Exception encountered during context initialization - cancelling refresh attempt: org.springframework.beans.factory.UnsatisfiedDependencyException: Error creating bean with name 'employeeServiceImpl': Unsatisfied dependency expressed through method 'getEmployeeById' parameter 0; nested exception is org.springframework.beans.factory.NoSuchBeanDefinitionException: No qualifying bean of type 'int' available: expected at least 1 bean which qualifies as autowire candidate. Dependency annotations: {}
2020-04-20 18:05:30 DEBUG AnnotationConfigApplicationContext:594 - Refreshing org.springframework.context.annotation.AnnotationConfigApplicationContext@504bae78
2020-04-20 18:05:30 DEBUG DefaultListableBeanFactory:213 - Creating shared instance of singleton bean 'org.springframework.context.annotation.internalConfigurationAnnotationProcessor'
2020-04-20 18:05:30 DEBUG ClassPathBeanDefinitionScanner:437 - Identified candidate component class: file [C:\sts workspaces\jpa_maven\SpringLab4\target\classes\com\capg\service\EmployeeServiceImpl.class]
2020-04-20 18:05:30 DEBUG DefaultListableBeanFactory:213 - Creating shared instance of singleton bean 'org.springframework.context.event.internalEventListenerProcessor'
2020-04-20 18:05:30 DEBUG DefaultListableBeanFactory:213 - Creating shared instance of singleton bean 'org.springframework.context.event.internalEventListenerFactory'
2020-04-20 18:05:30 DEBUG DefaultListableBeanFactory:213 - Creating shared instance of singleton bean 'org.springframework.context.annotation.internalAutowiredAnnotationProcessor'
2020-04-20 18:05:30 DEBUG DefaultListableBeanFactory:213 - Creating shared instance of singleton bean 'org.springframework.context.annotation.internalCommonAnnotationProcessor'
2020-04-20 18:05:30 DEBUG DefaultListableBeanFactory:213 - Creating shared instance of singleton bean 'myConfig'
2020-04-20 18:05:30 DEBUG DefaultListableBeanFactory:213 - Creating shared instance of singleton bean 'employeeServiceImpl'
2020-04-20 18:05:30 WARN  AnnotationConfigApplicationContext:557 - Exception encountered during context initialization - cancelling refresh attempt: org.springframework.beans.factory.UnsatisfiedDependencyException: Error creating bean with name 'employeeServiceImpl': Unsatisfied dependency expressed through method 'getEmployeeById' parameter 0; nested exception is org.springframework.beans.factory.NoSuchBeanDefinitionException: No qualifying bean of type 'int' available: expected at least 1 bean which qualifies as autowire candidate. Dependency annotations: {}
2020-04-20 18:06:38 DEBUG AnnotationConfigApplicationContext:594 - Refreshing org.springframework.context.annotation.AnnotationConfigApplicationContext@504bae78
2020-04-20 18:06:39 DEBUG DefaultListableBeanFactory:213 - Creating shared instance of singleton bean 'org.springframework.context.annotation.internalConfigurationAnnotationProcessor'
2020-04-20 18:06:39 DEBUG ClassPathBeanDefinitionScanner:437 - Identified candidate component class: file [C:\sts workspaces\jpa_maven\SpringLab4\target\classes\com\capg\service\EmployeeServiceImpl.class]
2020-04-20 18:06:39 DEBUG DefaultListableBeanFactory:213 - Creating shared instance of singleton bean 'org.springframework.context.event.internalEventListenerProcessor'
2020-04-20 18:06:39 DEBUG DefaultListableBeanFactory:213 - Creating shared instance of singleton bean 'org.springframework.context.event.internalEventListenerFactory'
2020-04-20 18:06:39 DEBUG DefaultListableBeanFactory:213 - Creating shared instance of singleton bean 'org.springframework.context.annotation.internalAutowiredAnnotationProcessor'
2020-04-20 18:06:39 DEBUG DefaultListableBeanFactory:213 - Creating shared instance of singleton bean 'org.springframework.context.annotation.internalCommonAnnotationProcessor'
2020-04-20 18:06:39 DEBUG DefaultListableBeanFactory:213 - Creating shared instance of singleton bean 'myConfig'
2020-04-20 18:06:39 DEBUG DefaultListableBeanFactory:213 - Creating shared instance of singleton bean 'employeeServiceImpl'
2020-04-20 18:06:39 WARN  AnnotationConfigApplicationContext:557 - Exception encountered during context initialization - cancelling refresh attempt: org.springframework.beans.factory.UnsatisfiedDependencyException: Error creating bean with name 'employeeServiceImpl': Unsatisfied dependency expressed through method 'getEmployeeById' parameter 0; nested exception is org.springframework.beans.factory.NoSuchBeanDefinitionException: No qualifying bean of type 'int' available: expected at least 1 bean which qualifies as autowire candidate. Dependency annotations: {}
2020-04-20 18:07:23 DEBUG AnnotationConfigApplicationContext:594 - Refreshing org.springframework.context.annotation.AnnotationConfigApplicationContext@504bae78
2020-04-20 18:07:23 DEBUG DefaultListableBeanFactory:213 - Creating shared instance of singleton bean 'org.springframework.context.annotation.internalConfigurationAnnotationProcessor'
2020-04-20 18:07:24 DEBUG DefaultListableBeanFactory:213 - Creating shared instance of singleton bean 'org.springframework.context.event.internalEventListenerProcessor'
2020-04-20 18:07:24 DEBUG DefaultListableBeanFactory:213 - Creating shared instance of singleton bean 'org.springframework.context.event.internalEventListenerFactory'
2020-04-20 18:07:24 DEBUG DefaultListableBeanFactory:213 - Creating shared instance of singleton bean 'org.springframework.context.annotation.internalAutowiredAnnotationProcessor'
2020-04-20 18:07:24 DEBUG DefaultListableBeanFactory:213 - Creating shared instance of singleton bean 'org.springframework.context.annotation.internalCommonAnnotationProcessor'
2020-04-20 18:07:24 DEBUG DefaultListableBeanFactory:213 - Creating shared instance of singleton bean 'myConfig'
2020-04-20 18:10:03 DEBUG AnnotationConfigApplicationContext:594 - Refreshing org.springframework.context.annotation.AnnotationConfigApplicationContext@504bae78
2020-04-20 18:10:03 DEBUG DefaultListableBeanFactory:213 - Creating shared instance of singleton bean 'org.springframework.context.annotation.internalConfigurationAnnotationProcessor'
2020-04-20 18:10:03 DEBUG DefaultListableBeanFactory:213 - Creating shared instance of singleton bean 'org.springframework.context.event.internalEventListenerProcessor'
2020-04-20 18:10:03 DEBUG DefaultListableBeanFactory:213 - Creating shared instance of singleton bean 'org.springframework.context.event.internalEventListenerFactory'
2020-04-20 18:10:03 DEBUG DefaultListableBeanFactory:213 - Creating shared instance of singleton bean 'org.springframework.context.annotation.internalAutowiredAnnotationProcessor'
2020-04-20 18:10:03 DEBUG DefaultListableBeanFactory:213 - Creating shared instance of singleton bean 'org.springframework.context.annotation.internalCommonAnnotationProcessor'
2020-04-20 18:10:03 DEBUG DefaultListableBeanFactory:213 - Creating shared instance of singleton bean 'myConfig'
2020-04-20 18:10:03 DEBUG DefaultListableBeanFactory:213 - Creating shared instance of singleton bean 'method'
2020-04-20 18:10:03 WARN  AnnotationConfigApplicationContext:557 - Exception encountered during context initialization - cancelling refresh attempt: org.springframework.beans.factory.UnsatisfiedDependencyException: Error creating bean with name 'method': Unsatisfied dependency expressed through method 'getEmployeeById' parameter 0; nested exception is org.springframework.beans.factory.NoSuchBeanDefinitionException: No qualifying bean of type 'int' available: expected at least 1 bean which qualifies as autowire candidate. Dependency annotations: {}
2020-04-20 18:11:31 DEBUG AnnotationConfigApplicationContext:594 - Refreshing org.springframework.context.annotation.AnnotationConfigApplicationContext@504bae78
2020-04-20 18:11:31 DEBUG DefaultListableBeanFactory:213 - Creating shared instance of singleton bean 'org.springframework.context.annotation.internalConfigurationAnnotationProcessor'
2020-04-20 18:11:32 DEBUG DefaultListableBeanFactory:213 - Creating shared instance of singleton bean 'org.springframework.context.event.internalEventListenerProcessor'
2020-04-20 18:11:32 DEBUG DefaultListableBeanFactory:213 - Creating shared instance of singleton bean 'org.springframework.context.event.internalEventListenerFactory'
2020-04-20 18:11:32 DEBUG DefaultListableBeanFactory:213 - Creating shared instance of singleton bean 'org.springframework.context.annotation.internalAutowiredAnnotationProcessor'
2020-04-20 18:11:32 DEBUG DefaultListableBeanFactory:213 - Creating shared instance of singleton bean 'org.springframework.context.annotation.internalCommonAnnotationProcessor'
2020-04-20 18:11:32 DEBUG DefaultListableBeanFactory:213 - Creating shared instance of singleton bean 'myConfig'
2020-04-20 18:13:23 DEBUG AnnotationConfigApplicationContext:594 - Refreshing org.springframework.context.annotation.AnnotationConfigApplicationContext@504bae78
2020-04-20 18:13:23 DEBUG DefaultListableBeanFactory:213 - Creating shared instance of singleton bean 'org.springframework.context.annotation.internalConfigurationAnnotationProcessor'
2020-04-20 18:13:23 DEBUG DefaultListableBeanFactory:213 - Creating shared instance of singleton bean 'org.springframework.context.event.internalEventListenerProcessor'
2020-04-20 18:13:23 DEBUG DefaultListableBeanFactory:213 - Creating shared instance of singleton bean 'org.springframework.context.event.internalEventListenerFactory'
2020-04-20 18:13:23 DEBUG DefaultListableBeanFactory:213 - Creating shared instance of singleton bean 'org.springframework.context.annotation.internalAutowiredAnnotationProcessor'
2020-04-20 18:13:23 DEBUG DefaultListableBeanFactory:213 - Creating shared instance of singleton bean 'org.springframework.context.annotation.internalCommonAnnotationProcessor'
2020-04-20 18:13:23 DEBUG DefaultListableBeanFactory:213 - Creating shared instance of singleton bean 'myConfig'
2020-04-20 18:17:32 DEBUG AnnotationConfigApplicationContext:594 - Refreshing org.springframework.context.annotation.AnnotationConfigApplicationContext@504bae78
2020-04-20 18:17:32 DEBUG DefaultListableBeanFactory:213 - Creating shared instance of singleton bean 'org.springframework.context.annotation.internalConfigurationAnnotationProcessor'
2020-04-20 18:17:32 DEBUG DefaultListableBeanFactory:213 - Creating shared instance of singleton bean 'org.springframework.context.event.internalEventListenerProcessor'
2020-04-20 18:17:32 DEBUG DefaultListableBeanFactory:213 - Creating shared instance of singleton bean 'org.springframework.context.event.internalEventListenerFactory'
2020-04-20 18:17:32 DEBUG DefaultListableBeanFactory:213 - Creating shared instance of singleton bean 'org.springframework.context.annotation.internalAutowiredAnnotationProcessor'
2020-04-20 18:17:32 DEBUG DefaultListableBeanFactory:213 - Creating shared instance of singleton bean 'org.springframework.context.annotation.internalCommonAnnotationProcessor'
2020-04-20 18:17:32 DEBUG DefaultListableBeanFactory:213 - Creating shared instance of singleton bean 'myConfig'
2020-04-20 18:17:32 DEBUG DefaultListableBeanFactory:213 - Creating shared instance of singleton bean 'method'
2020-04-20 18:30:06 DEBUG AnnotationConfigApplicationContext:594 - Refreshing org.springframework.context.annotation.AnnotationConfigApplicationContext@504bae78
2020-04-20 18:30:06 DEBUG DefaultListableBeanFactory:213 - Creating shared instance of singleton bean 'org.springframework.context.annotation.internalConfigurationAnnotationProcessor'
2020-04-20 18:30:07 DEBUG DefaultListableBeanFactory:213 - Creating shared instance of singleton bean 'org.springframework.context.event.internalEventListenerProcessor'
2020-04-20 18:30:07 DEBUG DefaultListableBeanFactory:213 - Creating shared instance of singleton bean 'org.springframework.context.event.internalEventListenerFactory'
2020-04-20 18:30:07 DEBUG DefaultListableBeanFactory:213 - Creating shared instance of singleton bean 'org.springframework.context.annotation.internalAutowiredAnnotationProcessor'
2020-04-20 18:30:07 DEBUG DefaultListableBeanFactory:213 - Creating shared instance of singleton bean 'org.springframework.context.annotation.internalCommonAnnotationProcessor'
2020-04-20 18:30:07 DEBUG DefaultListableBeanFactory:213 - Creating shared instance of singleton bean 'myConfig'
2020-04-20 18:30:07 DEBUG DefaultListableBeanFactory:213 - Creating shared instance of singleton bean 'method'
2020-04-20 18:32:33 DEBUG AnnotationConfigApplicationContext:594 - Refreshing org.springframework.context.annotation.AnnotationConfigApplicationContext@504bae78
2020-04-20 18:32:33 DEBUG DefaultListableBeanFactory:213 - Creating shared instance of singleton bean 'org.springframework.context.annotation.internalConfigurationAnnotationProcessor'
2020-04-20 18:32:33 DEBUG DefaultListableBeanFactory:213 - Creating shared instance of singleton bean 'org.springframework.context.event.internalEventListenerProcessor'
2020-04-20 18:32:33 DEBUG DefaultListableBeanFactory:213 - Creating shared instance of singleton bean 'org.springframework.context.event.internalEventListenerFactory'
2020-04-20 18:32:33 DEBUG DefaultListableBeanFactory:213 - Creating shared instance of singleton bean 'org.springframework.context.annotation.internalAutowiredAnnotationProcessor'
2020-04-20 18:32:33 DEBUG DefaultListableBeanFactory:213 - Creating shared instance of singleton bean 'org.springframework.context.annotation.internalCommonAnnotationProcessor'
2020-04-20 18:32:33 DEBUG DefaultListableBeanFactory:213 - Creating shared instance of singleton bean 'myConfig'
2020-04-20 18:32:33 DEBUG DefaultListableBeanFactory:213 - Creating shared instance of singleton bean 'method'
2020-04-20 18:33:42 DEBUG AnnotationConfigApplicationContext:594 - Refreshing org.springframework.context.annotation.AnnotationConfigApplicationContext@504bae78
2020-04-20 18:33:42 DEBUG DefaultListableBeanFactory:213 - Creating shared instance of singleton bean 'org.springframework.context.annotation.internalConfigurationAnnotationProcessor'
2020-04-20 18:33:42 DEBUG DefaultListableBeanFactory:213 - Creating shared instance of singleton bean 'org.springframework.context.event.internalEventListenerProcessor'
2020-04-20 18:33:42 DEBUG DefaultListableBeanFactory:213 - Creating shared instance of singleton bean 'org.springframework.context.event.internalEventListenerFactory'
2020-04-20 18:33:42 DEBUG DefaultListableBeanFactory:213 - Creating shared instance of singleton bean 'org.springframework.context.annotation.internalAutowiredAnnotationProcessor'
2020-04-20 18:33:42 DEBUG DefaultListableBeanFactory:213 - Creating shared instance of singleton bean 'org.springframework.context.annotation.internalCommonAnnotationProcessor'
2020-04-20 18:33:42 DEBUG DefaultListableBeanFactory:213 - Creating shared instance of singleton bean 'myConfig'
2020-04-20 18:33:42 DEBUG DefaultListableBeanFactory:213 - Creating shared instance of singleton bean 'method'
2020-04-20 18:34:21 DEBUG AnnotationConfigApplicationContext:594 - Refreshing org.springframework.context.annotation.AnnotationConfigApplicationContext@504bae78
2020-04-20 18:34:21 DEBUG DefaultListableBeanFactory:213 - Creating shared instance of singleton bean 'org.springframework.context.annotation.internalConfigurationAnnotationProcessor'
2020-04-20 18:34:21 DEBUG DefaultListableBeanFactory:213 - Creating shared instance of singleton bean 'org.springframework.context.event.internalEventListenerProcessor'
2020-04-20 18:34:21 DEBUG DefaultListableBeanFactory:213 - Creating shared instance of singleton bean 'org.springframework.context.event.internalEventListenerFactory'
2020-04-20 18:34:21 DEBUG DefaultListableBeanFactory:213 - Creating shared instance of singleton bean 'org.springframework.context.annotation.internalAutowiredAnnotationProcessor'
2020-04-20 18:34:21 DEBUG DefaultListableBeanFactory:213 - Creating shared instance of singleton bean 'org.springframework.context.annotation.internalCommonAnnotationProcessor'
2020-04-20 18:34:21 DEBUG DefaultListableBeanFactory:213 - Creating shared instance of singleton bean 'myConfig'
2020-04-20 18:34:21 DEBUG DefaultListableBeanFactory:213 - Creating shared instance of singleton bean 'method'
2020-04-20 18:34:58 DEBUG AnnotationConfigApplicationContext:594 - Refreshing org.springframework.context.annotation.AnnotationConfigApplicationContext@504bae78
2020-04-20 18:34:58 DEBUG DefaultListableBeanFactory:213 - Creating shared instance of singleton bean 'org.springframework.context.annotation.internalConfigurationAnnotationProcessor'
2020-04-20 18:34:58 DEBUG DefaultListableBeanFactory:213 - Creating shared instance of singleton bean 'org.springframework.context.event.internalEventListenerProcessor'
2020-04-20 18:34:58 DEBUG DefaultListableBeanFactory:213 - Creating shared instance of singleton bean 'org.springframework.context.event.internalEventListenerFactory'
2020-04-20 18:34:58 DEBUG DefaultListableBeanFactory:213 - Creating shared instance of singleton bean 'org.springframework.context.annotation.internalAutowiredAnnotationProcessor'
2020-04-20 18:34:58 DEBUG DefaultListableBeanFactory:213 - Creating shared instance of singleton bean 'org.springframework.context.annotation.internalCommonAnnotationProcessor'
2020-04-20 18:34:58 DEBUG DefaultListableBeanFactory:213 - Creating shared instance of singleton bean 'myConfig'
2020-04-20 18:34:58 DEBUG DefaultListableBeanFactory:213 - Creating shared instance of singleton bean 'method'
2020-04-20 18:36:00 DEBUG AnnotationConfigApplicationContext:594 - Refreshing org.springframework.context.annotation.AnnotationConfigApplicationContext@504bae78
2020-04-20 18:36:00 DEBUG DefaultListableBeanFactory:213 - Creating shared instance of singleton bean 'org.springframework.context.annotation.internalConfigurationAnnotationProcessor'
2020-04-20 18:36:00 DEBUG DefaultListableBeanFactory:213 - Creating shared instance of singleton bean 'org.springframework.context.event.internalEventListenerProcessor'
2020-04-20 18:36:00 DEBUG DefaultListableBeanFactory:213 - Creating shared instance of singleton bean 'org.springframework.context.event.internalEventListenerFactory'
2020-04-20 18:36:00 DEBUG DefaultListableBeanFactory:213 - Creating shared instance of singleton bean 'org.springframework.context.annotation.internalAutowiredAnnotationProcessor'
2020-04-20 18:36:00 DEBUG DefaultListableBeanFactory:213 - Creating shared instance of singleton bean 'org.springframework.context.annotation.internalCommonAnnotationProcessor'
2020-04-20 18:36:00 DEBUG DefaultListableBeanFactory:213 - Creating shared instance of singleton bean 'myConfig'
2020-04-20 18:36:00 DEBUG DefaultListableBeanFactory:213 - Creating shared instance of singleton bean 'method'
2020-04-20 18:37:00 DEBUG AnnotationConfigApplicationContext:594 - Refreshing org.springframework.context.annotation.AnnotationConfigApplicationContext@504bae78
2020-04-20 18:37:00 DEBUG DefaultListableBeanFactory:213 - Creating shared instance of singleton bean 'org.springframework.context.annotation.internalConfigurationAnnotationProcessor'
2020-04-20 18:37:00 DEBUG DefaultListableBeanFactory:213 - Creating shared instance of singleton bean 'org.springframework.context.event.internalEventListenerProcessor'
2020-04-20 18:37:00 DEBUG DefaultListableBeanFactory:213 - Creating shared instance of singleton bean 'org.springframework.context.event.internalEventListenerFactory'
2020-04-20 18:37:00 DEBUG DefaultListableBeanFactory:213 - Creating shared instance of singleton bean 'org.springframework.context.annotation.internalAutowiredAnnotationProcessor'
2020-04-20 18:37:00 DEBUG DefaultListableBeanFactory:213 - Creating shared instance of singleton bean 'org.springframework.context.annotation.internalCommonAnnotationProcessor'
2020-04-20 18:37:00 DEBUG DefaultListableBeanFactory:213 - Creating shared instance of singleton bean 'myConfig'
2020-04-20 18:37:00 DEBUG DefaultListableBeanFactory:213 - Creating shared instance of singleton bean 'method'
2020-04-20 18:38:17 DEBUG AnnotationConfigApplicationContext:594 - Refreshing org.springframework.context.annotation.AnnotationConfigApplicationContext@504bae78
2020-04-20 18:38:18 DEBUG DefaultListableBeanFactory:213 - Creating shared instance of singleton bean 'org.springframework.context.annotation.internalConfigurationAnnotationProcessor'
2020-04-20 18:38:18 DEBUG DefaultListableBeanFactory:213 - Creating shared instance of singleton bean 'org.springframework.context.event.internalEventListenerProcessor'
2020-04-20 18:38:18 DEBUG DefaultListableBeanFactory:213 - Creating shared instance of singleton bean 'org.springframework.context.event.internalEventListenerFactory'
2020-04-20 18:38:18 DEBUG DefaultListableBeanFactory:213 - Creating shared instance of singleton bean 'org.springframework.context.annotation.internalAutowiredAnnotationProcessor'
2020-04-20 18:38:18 DEBUG DefaultListableBeanFactory:213 - Creating shared instance of singleton bean 'org.springframework.context.annotation.internalCommonAnnotationProcessor'
2020-04-20 18:38:18 DEBUG DefaultListableBeanFactory:213 - Creating shared instance of singleton bean 'myConfig'
2020-04-20 18:38:18 DEBUG DefaultListableBeanFactory:213 - Creating shared instance of singleton bean 'method'
2020-04-20 18:45:25 DEBUG AnnotationConfigApplicationContext:594 - Refreshing org.springframework.context.annotation.AnnotationConfigApplicationContext@504bae78
2020-04-20 18:45:25 DEBUG DefaultListableBeanFactory:213 - Creating shared instance of singleton bean 'org.springframework.context.annotation.internalConfigurationAnnotationProcessor'
2020-04-20 18:45:25 DEBUG DefaultListableBeanFactory:213 - Creating shared instance of singleton bean 'org.springframework.context.event.internalEventListenerProcessor'
2020-04-20 18:45:25 DEBUG DefaultListableBeanFactory:213 - Creating shared instance of singleton bean 'org.springframework.context.event.internalEventListenerFactory'
2020-04-20 18:45:25 DEBUG DefaultListableBeanFactory:213 - Creating shared instance of singleton bean 'org.springframework.context.annotation.internalAutowiredAnnotationProcessor'
2020-04-20 18:45:25 DEBUG DefaultListableBeanFactory:213 - Creating shared instance of singleton bean 'org.springframework.context.annotation.internalCommonAnnotationProcessor'
2020-04-20 18:45:25 DEBUG DefaultListableBeanFactory:213 - Creating shared instance of singleton bean 'myConfig'
2020-04-20 18:45:25 DEBUG DefaultListableBeanFactory:213 - Creating shared instance of singleton bean 'method'
2020-04-20 18:47:40 DEBUG AnnotationConfigApplicationContext:594 - Refreshing org.springframework.context.annotation.AnnotationConfigApplicationContext@504bae78
2020-04-20 18:47:40 DEBUG DefaultListableBeanFactory:213 - Creating shared instance of singleton bean 'org.springframework.context.annotation.internalConfigurationAnnotationProcessor'
2020-04-20 18:47:40 DEBUG DefaultListableBeanFactory:213 - Creating shared instance of singleton bean 'org.springframework.context.event.internalEventListenerProcessor'
2020-04-20 18:47:40 DEBUG DefaultListableBeanFactory:213 - Creating shared instance of singleton bean 'org.springframework.context.event.internalEventListenerFactory'
2020-04-20 18:47:40 DEBUG DefaultListableBeanFactory:213 - Creating shared instance of singleton bean 'org.springframework.context.annotation.internalAutowiredAnnotationProcessor'
2020-04-20 18:47:40 DEBUG DefaultListableBeanFactory:213 - Creating shared instance of singleton bean 'org.springframework.context.annotation.internalCommonAnnotationProcessor'
2020-04-20 18:47:40 DEBUG DefaultListableBeanFactory:213 - Creating shared instance of singleton bean 'myConfig'
2020-04-20 18:47:40 DEBUG DefaultListableBeanFactory:213 - Creating shared instance of singleton bean 'method'
2020-04-20 18:47:53 DEBUG AnnotationConfigApplicationContext:594 - Refreshing org.springframework.context.annotation.AnnotationConfigApplicationContext@504bae78
2020-04-20 18:47:53 DEBUG DefaultListableBeanFactory:213 - Creating shared instance of singleton bean 'org.springframework.context.annotation.internalConfigurationAnnotationProcessor'
2020-04-20 18:47:53 DEBUG DefaultListableBeanFactory:213 - Creating shared instance of singleton bean 'org.springframework.context.event.internalEventListenerProcessor'
2020-04-20 18:47:53 DEBUG DefaultListableBeanFactory:213 - Creating shared instance of singleton bean 'org.springframework.context.event.internalEventListenerFactory'
2020-04-20 18:47:53 DEBUG DefaultListableBeanFactory:213 - Creating shared instance of singleton bean 'org.springframework.context.annotation.internalAutowiredAnnotationProcessor'
2020-04-20 18:47:53 DEBUG DefaultListableBeanFactory:213 - Creating shared instance of singleton bean 'org.springframework.context.annotation.internalCommonAnnotationProcessor'
2020-04-20 18:47:53 DEBUG DefaultListableBeanFactory:213 - Creating shared instance of singleton bean 'myConfig'
2020-04-20 18:47:53 DEBUG DefaultListableBeanFactory:213 - Creating shared instance of singleton bean 'method'
2020-04-20 18:48:01 DEBUG AnnotationConfigApplicationContext:594 - Refreshing org.springframework.context.annotation.AnnotationConfigApplicationContext@504bae78
2020-04-20 18:48:01 DEBUG DefaultListableBeanFactory:213 - Creating shared instance of singleton bean 'org.springframework.context.annotation.internalConfigurationAnnotationProcessor'
2020-04-20 18:48:01 DEBUG DefaultListableBeanFactory:213 - Creating shared instance of singleton bean 'org.springframework.context.event.internalEventListenerProcessor'
2020-04-20 18:48:01 DEBUG DefaultListableBeanFactory:213 - Creating shared instance of singleton bean 'org.springframework.context.event.internalEventListenerFactory'
2020-04-20 18:48:01 DEBUG DefaultListableBeanFactory:213 - Creating shared instance of singleton bean 'org.springframework.context.annotation.internalAutowiredAnnotationProcessor'
2020-04-20 18:48:01 DEBUG DefaultListableBeanFactory:213 - Creating shared instance of singleton bean 'org.springframework.context.annotation.internalCommonAnnotationProcessor'
2020-04-20 18:48:01 DEBUG DefaultListableBeanFactory:213 - Creating shared instance of singleton bean 'myConfig'
2020-04-20 18:48:01 DEBUG DefaultListableBeanFactory:213 - Creating shared instance of singleton bean 'method'
2020-04-20 18:49:00 DEBUG AnnotationConfigApplicationContext:594 - Refreshing org.springframework.context.annotation.AnnotationConfigApplicationContext@504bae78
2020-04-20 18:49:00 DEBUG DefaultListableBeanFactory:213 - Creating shared instance of singleton bean 'org.springframework.context.annotation.internalConfigurationAnnotationProcessor'
2020-04-20 18:49:00 DEBUG DefaultListableBeanFactory:213 - Creating shared instance of singleton bean 'org.springframework.context.event.internalEventListenerProcessor'
2020-04-20 18:49:00 DEBUG DefaultListableBeanFactory:213 - Creating shared instance of singleton bean 'org.springframework.context.event.internalEventListenerFactory'
2020-04-20 18:49:00 DEBUG DefaultListableBeanFactory:213 - Creating shared instance of singleton bean 'org.springframework.context.annotation.internalAutowiredAnnotationProcessor'
2020-04-20 18:49:00 DEBUG DefaultListableBeanFactory:213 - Creating shared instance of singleton bean 'org.springframework.context.annotation.internalCommonAnnotationProcessor'
2020-04-20 18:49:00 DEBUG DefaultListableBeanFactory:213 - Creating shared instance of singleton bean 'myConfig'
2020-04-20 18:49:00 DEBUG DefaultListableBeanFactory:213 - Creating shared instance of singleton bean 'method'
2020-04-20 18:50:20 DEBUG AnnotationConfigApplicationContext:594 - Refreshing org.springframework.context.annotation.AnnotationConfigApplicationContext@504bae78
2020-04-20 18:50:20 DEBUG DefaultListableBeanFactory:213 - Creating shared instance of singleton bean 'org.springframework.context.annotation.internalConfigurationAnnotationProcessor'
2020-04-20 18:50:20 DEBUG DefaultListableBeanFactory:213 - Creating shared instance of singleton bean 'org.springframework.context.event.internalEventListenerProcessor'
2020-04-20 18:50:20 DEBUG DefaultListableBeanFactory:213 - Creating shared instance of singleton bean 'org.springframework.context.event.internalEventListenerFactory'
2020-04-20 18:50:20 DEBUG DefaultListableBeanFactory:213 - Creating shared instance of singleton bean 'org.springframework.context.annotation.internalAutowiredAnnotationProcessor'
2020-04-20 18:50:20 DEBUG DefaultListableBeanFactory:213 - Creating shared instance of singleton bean 'org.springframework.context.annotation.internalCommonAnnotationProcessor'
2020-04-20 18:50:20 DEBUG DefaultListableBeanFactory:213 - Creating shared instance of singleton bean 'myConfig'
2020-04-20 18:50:20 DEBUG DefaultListableBeanFactory:213 - Creating shared instance of singleton bean 'method'
2020-04-20 18:51:23 DEBUG AnnotationConfigApplicationContext:594 - Refreshing org.springframework.context.annotation.AnnotationConfigApplicationContext@504bae78
2020-04-20 18:51:23 DEBUG DefaultListableBeanFactory:213 - Creating shared instance of singleton bean 'org.springframework.context.annotation.internalConfigurationAnnotationProcessor'
2020-04-20 18:51:24 DEBUG DefaultListableBeanFactory:213 - Creating shared instance of singleton bean 'org.springframework.context.event.internalEventListenerProcessor'
2020-04-20 18:51:24 DEBUG DefaultListableBeanFactory:213 - Creating shared instance of singleton bean 'org.springframework.context.event.internalEventListenerFactory'
2020-04-20 18:51:24 DEBUG DefaultListableBeanFactory:213 - Creating shared instance of singleton bean 'org.springframework.context.annotation.internalAutowiredAnnotationProcessor'
2020-04-20 18:51:24 DEBUG DefaultListableBeanFactory:213 - Creating shared instance of singleton bean 'org.springframework.context.annotation.internalCommonAnnotationProcessor'
2020-04-20 18:51:24 DEBUG DefaultListableBeanFactory:213 - Creating shared instance of singleton bean 'myConfig'
2020-04-20 18:51:24 DEBUG DefaultListableBeanFactory:213 - Creating shared instance of singleton bean 'method'
2020-04-20 18:51:56 DEBUG AnnotationConfigApplicationContext:594 - Refreshing org.springframework.context.annotation.AnnotationConfigApplicationContext@504bae78
2020-04-20 18:51:56 DEBUG DefaultListableBeanFactory:213 - Creating shared instance of singleton bean 'org.springframework.context.annotation.internalConfigurationAnnotationProcessor'
2020-04-20 18:51:56 DEBUG DefaultListableBeanFactory:213 - Creating shared instance of singleton bean 'org.springframework.context.event.internalEventListenerProcessor'
2020-04-20 18:51:56 DEBUG DefaultListableBeanFactory:213 - Creating shared instance of singleton bean 'org.springframework.context.event.internalEventListenerFactory'
2020-04-20 18:51:56 DEBUG DefaultListableBeanFactory:213 - Creating shared instance of singleton bean 'org.springframework.context.annotation.internalAutowiredAnnotationProcessor'
2020-04-20 18:51:56 DEBUG DefaultListableBeanFactory:213 - Creating shared instance of singleton bean 'org.springframework.context.annotation.internalCommonAnnotationProcessor'
2020-04-20 18:51:56 DEBUG DefaultListableBeanFactory:213 - Creating shared instance of singleton bean 'myConfig'
2020-04-20 18:51:56 DEBUG DefaultListableBeanFactory:213 - Creating shared instance of singleton bean 'method'
2020-04-20 18:53:04 DEBUG AnnotationConfigApplicationContext:594 - Refreshing org.springframework.context.annotation.AnnotationConfigApplicationContext@504bae78
2020-04-20 18:53:05 DEBUG DefaultListableBeanFactory:213 - Creating shared instance of singleton bean 'org.springframework.context.annotation.internalConfigurationAnnotationProcessor'
2020-04-20 18:53:05 DEBUG ClassPathBeanDefinitionScanner:437 - Identified candidate component class: file [C:\sts workspaces\jpa_maven\SpringLab4\target\classes\com\capg\service\EmployeeServiceImpl.class]
2020-04-20 18:53:05 DEBUG DefaultListableBeanFactory:213 - Creating shared instance of singleton bean 'org.springframework.context.event.internalEventListenerProcessor'
2020-04-20 18:53:05 DEBUG DefaultListableBeanFactory:213 - Creating shared instance of singleton bean 'org.springframework.context.event.internalEventListenerFactory'
2020-04-20 18:53:05 DEBUG DefaultListableBeanFactory:213 - Creating shared instance of singleton bean 'org.springframework.context.annotation.internalAutowiredAnnotationProcessor'
2020-04-20 18:53:05 DEBUG DefaultListableBeanFactory:213 - Creating shared instance of singleton bean 'org.springframework.context.annotation.internalCommonAnnotationProcessor'
2020-04-20 18:53:05 DEBUG DefaultListableBeanFactory:213 - Creating shared instance of singleton bean 'myConfig'
2020-04-20 18:53:05 DEBUG DefaultListableBeanFactory:213 - Creating shared instance of singleton bean 'employeeServiceImpl'
2020-04-20 18:53:05 WARN  AnnotationConfigApplicationContext:557 - Exception encountered during context initialization - cancelling refresh attempt: org.springframework.beans.factory.UnsatisfiedDependencyException: Error creating bean with name 'employeeServiceImpl': Unsatisfied dependency expressed through method 'getEmployeeById' parameter 0; nested exception is org.springframework.beans.factory.NoSuchBeanDefinitionException: No qualifying bean of type 'int' available: expected at least 1 bean which qualifies as autowire candidate. Dependency annotations: {}
2020-04-20 18:54:20 DEBUG AnnotationConfigApplicationContext:594 - Refreshing org.springframework.context.annotation.AnnotationConfigApplicationContext@504bae78
2020-04-20 18:54:20 DEBUG DefaultListableBeanFactory:213 - Creating shared instance of singleton bean 'org.springframework.context.annotation.internalConfigurationAnnotationProcessor'
2020-04-20 18:54:20 DEBUG ClassPathBeanDefinitionScanner:437 - Identified candidate component class: file [C:\sts workspaces\jpa_maven\SpringLab4\target\classes\com\capg\service\EmployeeServiceImpl.class]
2020-04-20 18:54:20 DEBUG DefaultListableBeanFactory:213 - Creating shared instance of singleton bean 'org.springframework.context.event.internalEventListenerProcessor'
2020-04-20 18:54:20 DEBUG DefaultListableBeanFactory:213 - Creating shared instance of singleton bean 'org.springframework.context.event.internalEventListenerFactory'
2020-04-20 18:54:20 DEBUG DefaultListableBeanFactory:213 - Creating shared instance of singleton bean 'org.springframework.context.annotation.internalAutowiredAnnotationProcessor'
2020-04-20 18:54:20 DEBUG DefaultListableBeanFactory:213 - Creating shared instance of singleton bean 'org.springframework.context.annotation.internalCommonAnnotationProcessor'
2020-04-20 18:54:20 DEBUG DefaultListableBeanFactory:213 - Creating shared instance of singleton bean 'myConfig'
2020-04-20 18:54:20 DEBUG DefaultListableBeanFactory:213 - Creating shared instance of singleton bean 'employeeServiceImpl'
2020-04-20 18:54:20 WARN  AnnotationConfigApplicationContext:557 - Exception encountered during context initialization - cancelling refresh attempt: org.springframework.beans.factory.UnsatisfiedDependencyException: Error creating bean with name 'employeeServiceImpl': Unsatisfied dependency expressed through method 'getEmployeeById' parameter 0; nested exception is org.springframework.beans.factory.NoSuchBeanDefinitionException: No qualifying bean of type 'int' available: expected at least 1 bean which qualifies as autowire candidate. Dependency annotations: {}
2020-04-20 18:55:14 DEBUG AnnotationConfigApplicationContext:594 - Refreshing org.springframework.context.annotation.AnnotationConfigApplicationContext@504bae78
2020-04-20 18:55:14 DEBUG DefaultListableBeanFactory:213 - Creating shared instance of singleton bean 'org.springframework.context.annotation.internalConfigurationAnnotationProcessor'
2020-04-20 18:55:14 DEBUG ClassPathBeanDefinitionScanner:437 - Identified candidate component class: file [C:\sts workspaces\jpa_maven\SpringLab4\target\classes\com\capg\service\EmployeeServiceImpl.class]
2020-04-20 18:55:14 DEBUG DefaultListableBeanFactory:213 - Creating shared instance of singleton bean 'org.springframework.context.event.internalEventListenerProcessor'
2020-04-20 18:55:14 DEBUG DefaultListableBeanFactory:213 - Creating shared instance of singleton bean 'org.springframework.context.event.internalEventListenerFactory'
2020-04-20 18:55:14 DEBUG DefaultListableBeanFactory:213 - Creating shared instance of singleton bean 'org.springframework.context.annotation.internalAutowiredAnnotationProcessor'
2020-04-20 18:55:14 DEBUG DefaultListableBeanFactory:213 - Creating shared instance of singleton bean 'org.springframework.context.annotation.internalCommonAnnotationProcessor'
2020-04-20 18:55:14 DEBUG DefaultListableBeanFactory:213 - Creating shared instance of singleton bean 'myConfig'
2020-04-20 18:55:14 DEBUG DefaultListableBeanFactory:213 - Creating shared instance of singleton bean 'employeeServiceImpl'
2020-04-20 18:55:14 WARN  AnnotationConfigApplicationContext:557 - Exception encountered during context initialization - cancelling refresh attempt: org.springframework.beans.factory.BeanCreationException: Error creating bean with name 'employeeServiceImpl' defined in file [C:\sts workspaces\jpa_maven\SpringLab4\target\classes\com\capg\service\EmployeeServiceImpl.class]: Instantiation of bean failed; nested exception is org.springframework.beans.BeanInstantiationException: Failed to instantiate [com.capg.service.EmployeeServiceImpl]: Constructor threw exception; nested exception is java.lang.Error: Unresolved compilation problem: 
	Syntax error on token "S", invalid Modifiers

2020-04-20 18:55:29 DEBUG AnnotationConfigApplicationContext:594 - Refreshing org.springframework.context.annotation.AnnotationConfigApplicationContext@504bae78
2020-04-20 18:55:29 DEBUG DefaultListableBeanFactory:213 - Creating shared instance of singleton bean 'org.springframework.context.annotation.internalConfigurationAnnotationProcessor'
2020-04-20 18:55:29 DEBUG ClassPathBeanDefinitionScanner:437 - Identified candidate component class: file [C:\sts workspaces\jpa_maven\SpringLab4\target\classes\com\capg\service\EmployeeServiceImpl.class]
2020-04-20 18:55:29 DEBUG DefaultListableBeanFactory:213 - Creating shared instance of singleton bean 'org.springframework.context.event.internalEventListenerProcessor'
2020-04-20 18:55:29 DEBUG DefaultListableBeanFactory:213 - Creating shared instance of singleton bean 'org.springframework.context.event.internalEventListenerFactory'
2020-04-20 18:55:29 DEBUG DefaultListableBeanFactory:213 - Creating shared instance of singleton bean 'org.springframework.context.annotation.internalAutowiredAnnotationProcessor'
2020-04-20 18:55:29 DEBUG DefaultListableBeanFactory:213 - Creating shared instance of singleton bean 'org.springframework.context.annotation.internalCommonAnnotationProcessor'
2020-04-20 18:55:29 DEBUG DefaultListableBeanFactory:213 - Creating shared instance of singleton bean 'myConfig'
2020-04-20 18:55:29 DEBUG DefaultListableBeanFactory:213 - Creating shared instance of singleton bean 'employeeServiceImpl'
2020-04-20 18:55:29 WARN  AnnotationConfigApplicationContext:557 - Exception encountered during context initialization - cancelling refresh attempt: org.springframework.beans.factory.UnsatisfiedDependencyException: Error creating bean with name 'employeeServiceImpl': Unsatisfied dependency expressed through method 'getEmployeeById' parameter 0; nested exception is org.springframework.beans.factory.NoSuchBeanDefinitionException: No qualifying bean of type 'int' available: expected at least 1 bean which qualifies as autowire candidate. Dependency annotations: {}
2020-04-20 18:56:42 DEBUG AnnotationConfigApplicationContext:594 - Refreshing org.springframework.context.annotation.AnnotationConfigApplicationContext@504bae78
2020-04-20 18:56:42 DEBUG DefaultListableBeanFactory:213 - Creating shared instance of singleton bean 'org.springframework.context.annotation.internalConfigurationAnnotationProcessor'
2020-04-20 18:56:42 DEBUG ClassPathBeanDefinitionScanner:437 - Identified candidate component class: file [C:\sts workspaces\jpa_maven\SpringLab4\target\classes\com\capg\service\EmployeeServiceImpl.class]
2020-04-20 18:56:42 DEBUG DefaultListableBeanFactory:213 - Creating shared instance of singleton bean 'org.springframework.context.event.internalEventListenerProcessor'
2020-04-20 18:56:42 DEBUG DefaultListableBeanFactory:213 - Creating shared instance of singleton bean 'org.springframework.context.event.internalEventListenerFactory'
2020-04-20 18:56:42 DEBUG DefaultListableBeanFactory:213 - Creating shared instance of singleton bean 'org.springframework.context.annotation.internalAutowiredAnnotationProcessor'
2020-04-20 18:56:42 DEBUG DefaultListableBeanFactory:213 - Creating shared instance of singleton bean 'org.springframework.context.annotation.internalCommonAnnotationProcessor'
2020-04-20 18:56:42 DEBUG DefaultListableBeanFactory:213 - Creating shared instance of singleton bean 'myConfig'
2020-04-20 18:56:42 DEBUG DefaultListableBeanFactory:213 - Creating shared instance of singleton bean 'employeeServiceImpl'
2020-04-20 18:56:42 WARN  AnnotationConfigApplicationContext:557 - Exception encountered during context initialization - cancelling refresh attempt: org.springframework.beans.factory.UnsatisfiedDependencyException: Error creating bean with name 'employeeServiceImpl': Unsatisfied dependency expressed through method 'getEmployeeById' parameter 0; nested exception is org.springframework.beans.factory.NoSuchBeanDefinitionException: No qualifying bean of type 'int' available: expected at least 1 bean which qualifies as autowire candidate. Dependency annotations: {}
2020-04-20 18:57:08 DEBUG AnnotationConfigApplicationContext:594 - Refreshing org.springframework.context.annotation.AnnotationConfigApplicationContext@504bae78
2020-04-20 18:57:08 DEBUG DefaultListableBeanFactory:213 - Creating shared instance of singleton bean 'org.springframework.context.annotation.internalConfigurationAnnotationProcessor'
2020-04-20 18:57:09 DEBUG ClassPathBeanDefinitionScanner:437 - Identified candidate component class: file [C:\sts workspaces\jpa_maven\SpringLab4\target\classes\com\capg\service\EmployeeServiceImpl.class]
2020-04-20 18:57:09 DEBUG DefaultListableBeanFactory:213 - Creating shared instance of singleton bean 'org.springframework.context.event.internalEventListenerProcessor'
2020-04-20 18:57:09 DEBUG DefaultListableBeanFactory:213 - Creating shared instance of singleton bean 'org.springframework.context.event.internalEventListenerFactory'
2020-04-20 18:57:09 DEBUG DefaultListableBeanFactory:213 - Creating shared instance of singleton bean 'org.springframework.context.annotation.internalAutowiredAnnotationProcessor'
2020-04-20 18:57:09 DEBUG DefaultListableBeanFactory:213 - Creating shared instance of singleton bean 'org.springframework.context.annotation.internalCommonAnnotationProcessor'
2020-04-20 18:57:09 DEBUG DefaultListableBeanFactory:213 - Creating shared instance of singleton bean 'myConfig'
2020-04-20 18:57:09 DEBUG DefaultListableBeanFactory:213 - Creating shared instance of singleton bean 'employeeServiceImpl'
2020-04-20 18:57:09 WARN  AnnotationConfigApplicationContext:557 - Exception encountered during context initialization - cancelling refresh attempt: org.springframework.beans.factory.UnsatisfiedDependencyException: Error creating bean with name 'employeeServiceImpl': Unsatisfied dependency expressed through method 'getEmployeeById' parameter 0; nested exception is org.springframework.beans.factory.NoSuchBeanDefinitionException: No qualifying bean of type 'int' available: expected at least 1 bean which qualifies as autowire candidate. Dependency annotations: {}
2020-04-20 18:57:48 DEBUG AnnotationConfigApplicationContext:594 - Refreshing org.springframework.context.annotation.AnnotationConfigApplicationContext@504bae78
2020-04-20 18:57:48 DEBUG DefaultListableBeanFactory:213 - Creating shared instance of singleton bean 'org.springframework.context.annotation.internalConfigurationAnnotationProcessor'
2020-04-20 18:57:49 DEBUG ClassPathBeanDefinitionScanner:437 - Identified candidate component class: file [C:\sts workspaces\jpa_maven\SpringLab4\target\classes\com\capg\service\EmployeeServiceImpl.class]
2020-04-20 18:57:49 DEBUG DefaultListableBeanFactory:213 - Creating shared instance of singleton bean 'org.springframework.context.event.internalEventListenerProcessor'
2020-04-20 18:57:49 DEBUG DefaultListableBeanFactory:213 - Creating shared instance of singleton bean 'org.springframework.context.event.internalEventListenerFactory'
2020-04-20 18:57:49 DEBUG DefaultListableBeanFactory:213 - Creating shared instance of singleton bean 'org.springframework.context.annotation.internalAutowiredAnnotationProcessor'
2020-04-20 18:57:49 DEBUG DefaultListableBeanFactory:213 - Creating shared instance of singleton bean 'org.springframework.context.annotation.internalCommonAnnotationProcessor'
2020-04-20 18:57:49 DEBUG DefaultListableBeanFactory:213 - Creating shared instance of singleton bean 'myConfig'
2020-04-20 18:57:49 DEBUG DefaultListableBeanFactory:213 - Creating shared instance of singleton bean 'employeeServiceImpl'
2020-04-20 18:57:49 WARN  AnnotationConfigApplicationContext:557 - Exception encountered during context initialization - cancelling refresh attempt: org.springframework.beans.factory.UnsatisfiedDependencyException: Error creating bean with name 'employeeServiceImpl': Unsatisfied dependency expressed through method 'getEmployeeById' parameter 0; nested exception is org.springframework.beans.factory.NoSuchBeanDefinitionException: No qualifying bean of type 'int' available: expected at least 1 bean which qualifies as autowire candidate. Dependency annotations: {}
2020-04-20 19:00:49 DEBUG AnnotationConfigApplicationContext:594 - Refreshing org.springframework.context.annotation.AnnotationConfigApplicationContext@504bae78
2020-04-20 19:00:49 DEBUG DefaultListableBeanFactory:213 - Creating shared instance of singleton bean 'org.springframework.context.annotation.internalConfigurationAnnotationProcessor'
2020-04-20 19:00:49 DEBUG ClassPathBeanDefinitionScanner:437 - Identified candidate component class: file [C:\sts workspaces\jpa_maven\SpringLab4\target\classes\com\capg\service\EmployeeServiceImpl.class]
2020-04-20 19:00:49 DEBUG DefaultListableBeanFactory:213 - Creating shared instance of singleton bean 'org.springframework.context.event.internalEventListenerProcessor'
2020-04-20 19:00:49 DEBUG DefaultListableBeanFactory:213 - Creating shared instance of singleton bean 'org.springframework.context.event.internalEventListenerFactory'
2020-04-20 19:00:49 DEBUG DefaultListableBeanFactory:213 - Creating shared instance of singleton bean 'org.springframework.context.annotation.internalAutowiredAnnotationProcessor'
2020-04-20 19:00:49 DEBUG DefaultListableBeanFactory:213 - Creating shared instance of singleton bean 'org.springframework.context.annotation.internalCommonAnnotationProcessor'
2020-04-20 19:00:49 DEBUG DefaultListableBeanFactory:213 - Creating shared instance of singleton bean 'myConfig'
2020-04-20 19:00:49 DEBUG DefaultListableBeanFactory:213 - Creating shared instance of singleton bean 'employeeServiceImpl'
2020-04-20 19:00:49 DEBUG DefaultListableBeanFactory:213 - Creating shared instance of singleton bean 'method'
2020-04-20 19:00:59 DEBUG AnnotationConfigApplicationContext:594 - Refreshing org.springframework.context.annotation.AnnotationConfigApplicationContext@504bae78
2020-04-20 19:00:59 DEBUG DefaultListableBeanFactory:213 - Creating shared instance of singleton bean 'org.springframework.context.annotation.internalConfigurationAnnotationProcessor'
2020-04-20 19:00:59 DEBUG ClassPathBeanDefinitionScanner:437 - Identified candidate component class: file [C:\sts workspaces\jpa_maven\SpringLab4\target\classes\com\capg\service\EmployeeServiceImpl.class]
2020-04-20 19:00:59 DEBUG DefaultListableBeanFactory:213 - Creating shared instance of singleton bean 'org.springframework.context.event.internalEventListenerProcessor'
2020-04-20 19:00:59 DEBUG DefaultListableBeanFactory:213 - Creating shared instance of singleton bean 'org.springframework.context.event.internalEventListenerFactory'
2020-04-20 19:00:59 DEBUG DefaultListableBeanFactory:213 - Creating shared instance of singleton bean 'org.springframework.context.annotation.internalAutowiredAnnotationProcessor'
2020-04-20 19:00:59 DEBUG DefaultListableBeanFactory:213 - Creating shared instance of singleton bean 'org.springframework.context.annotation.internalCommonAnnotationProcessor'
2020-04-20 19:00:59 DEBUG DefaultListableBeanFactory:213 - Creating shared instance of singleton bean 'myConfig'
2020-04-20 19:00:59 DEBUG DefaultListableBeanFactory:213 - Creating shared instance of singleton bean 'employeeServiceImpl'
2020-04-20 19:00:59 DEBUG DefaultListableBeanFactory:213 - Creating shared instance of singleton bean 'method'
2020-04-20 19:01:19 DEBUG AnnotationConfigApplicationContext:594 - Refreshing org.springframework.context.annotation.AnnotationConfigApplicationContext@504bae78
2020-04-20 19:01:19 DEBUG DefaultListableBeanFactory:213 - Creating shared instance of singleton bean 'org.springframework.context.annotation.internalConfigurationAnnotationProcessor'
2020-04-20 19:01:19 DEBUG ClassPathBeanDefinitionScanner:437 - Identified candidate component class: file [C:\sts workspaces\jpa_maven\SpringLab4\target\classes\com\capg\service\EmployeeServiceImpl.class]
2020-04-20 19:01:19 DEBUG DefaultListableBeanFactory:213 - Creating shared instance of singleton bean 'org.springframework.context.event.internalEventListenerProcessor'
2020-04-20 19:01:19 DEBUG DefaultListableBeanFactory:213 - Creating shared instance of singleton bean 'org.springframework.context.event.internalEventListenerFactory'
2020-04-20 19:01:19 DEBUG DefaultListableBeanFactory:213 - Creating shared instance of singleton bean 'org.springframework.context.annotation.internalAutowiredAnnotationProcessor'
2020-04-20 19:01:19 DEBUG DefaultListableBeanFactory:213 - Creating shared instance of singleton bean 'org.springframework.context.annotation.internalCommonAnnotationProcessor'
2020-04-20 19:01:19 DEBUG DefaultListableBeanFactory:213 - Creating shared instance of singleton bean 'myConfig'
2020-04-20 19:01:19 DEBUG DefaultListableBeanFactory:213 - Creating shared instance of singleton bean 'employeeServiceImpl'
2020-04-20 19:01:19 DEBUG DefaultListableBeanFactory:213 - Creating shared instance of singleton bean 'method'
2020-04-20 19:01:52 DEBUG AnnotationConfigApplicationContext:594 - Refreshing org.springframework.context.annotation.AnnotationConfigApplicationContext@504bae78
2020-04-20 19:01:52 DEBUG DefaultListableBeanFactory:213 - Creating shared instance of singleton bean 'org.springframework.context.annotation.internalConfigurationAnnotationProcessor'
2020-04-20 19:01:52 DEBUG ClassPathBeanDefinitionScanner:437 - Identified candidate component class: file [C:\sts workspaces\jpa_maven\SpringLab4\target\classes\com\capg\service\EmployeeServiceImpl.class]
2020-04-20 19:01:53 DEBUG DefaultListableBeanFactory:213 - Creating shared instance of singleton bean 'org.springframework.context.event.internalEventListenerProcessor'
2020-04-20 19:01:53 DEBUG DefaultListableBeanFactory:213 - Creating shared instance of singleton bean 'org.springframework.context.event.internalEventListenerFactory'
2020-04-20 19:01:53 DEBUG DefaultListableBeanFactory:213 - Creating shared instance of singleton bean 'org.springframework.context.annotation.internalAutowiredAnnotationProcessor'
2020-04-20 19:01:53 DEBUG DefaultListableBeanFactory:213 - Creating shared instance of singleton bean 'org.springframework.context.annotation.internalCommonAnnotationProcessor'
2020-04-20 19:01:53 DEBUG DefaultListableBeanFactory:213 - Creating shared instance of singleton bean 'myConfig'
2020-04-20 19:01:53 DEBUG DefaultListableBeanFactory:213 - Creating shared instance of singleton bean 'employeeServiceImpl'
2020-04-20 19:01:53 DEBUG DefaultListableBeanFactory:213 - Creating shared instance of singleton bean 'method'
2020-04-20 19:02:02 DEBUG AnnotationConfigApplicationContext:594 - Refreshing org.springframework.context.annotation.AnnotationConfigApplicationContext@504bae78
2020-04-20 19:02:02 DEBUG DefaultListableBeanFactory:213 - Creating shared instance of singleton bean 'org.springframework.context.annotation.internalConfigurationAnnotationProcessor'
2020-04-20 19:02:02 DEBUG ClassPathBeanDefinitionScanner:437 - Identified candidate component class: file [C:\sts workspaces\jpa_maven\SpringLab4\target\classes\com\capg\service\EmployeeServiceImpl.class]
2020-04-20 19:02:02 DEBUG DefaultListableBeanFactory:213 - Creating shared instance of singleton bean 'org.springframework.context.event.internalEventListenerProcessor'
2020-04-20 19:02:02 DEBUG DefaultListableBeanFactory:213 - Creating shared instance of singleton bean 'org.springframework.context.event.internalEventListenerFactory'
2020-04-20 19:02:02 DEBUG DefaultListableBeanFactory:213 - Creating shared instance of singleton bean 'org.springframework.context.annotation.internalAutowiredAnnotationProcessor'
2020-04-20 19:02:02 DEBUG DefaultListableBeanFactory:213 - Creating shared instance of singleton bean 'org.springframework.context.annotation.internalCommonAnnotationProcessor'
2020-04-20 19:02:02 DEBUG DefaultListableBeanFactory:213 - Creating shared instance of singleton bean 'myConfig'
2020-04-20 19:02:02 DEBUG DefaultListableBeanFactory:213 - Creating shared instance of singleton bean 'employeeServiceImpl'
2020-04-20 19:02:02 DEBUG DefaultListableBeanFactory:213 - Creating shared instance of singleton bean 'method'
